<?xml version="1.0" encoding="UTF-8"?>
<!-- Generated by org.testng.reporters.JUnitXMLReporter -->
<testsuite ignored="0" hostname="DESKTOP-OT27CGL" failures="0" tests="7" name="FREE CRM Test Cases" time="72.843" errors="0" timestamp="2019-08-27T10:08:04 EST">
  <testcase classname="com.cdphp.testcases.LoginPageTest" name="loginPageTitleTest" time="0.014"/>
  <testcase classname="com.cdphp.testcases.LoginPageTest" name="loginTest" time="3.542"/>
  <testcase classname="com.cdphp.testcases.HomePageTest" name="homePageTitleTest" time="0.308"/>
  <testcase classname="com.cdphp.testcases.HomePageTest" name="verifyUserNameLabelTest" time="1.271"/>
  <testcase classname="com.cdphp.testcases.HomePageTest" name="clickonContactLinkTest" time="1.053"/>
  <testcase classname="com.cdphp.testcases.HomePageTest" name="clickonDealsLinkTest" time="1.161"/>
  <testcase classname="com.cdphp.testcases.ContactsPageTest" name="ValidateContactLabelTest" time="0.076"/>
</testsuite> <!-- FREE CRM Test Cases -->
