<?xml version="1.0" encoding="UTF-8"?>
<!-- Generated by org.testng.reporters.JUnitXMLReporter -->
<testsuite ignored="0" hostname="DESKTOP-OT27CGL" failures="0" tests="4" name="Default test" time="52.531" errors="0" timestamp="2019-08-27T08:14:12 EST">
  <testcase classname="com.cdphp.testcases.HomePageTest" name="homePageTitleTest" time="0.654"/>
  <testcase classname="com.cdphp.testcases.HomePageTest" name="verifyUserNameLabelTest" time="0.808"/>
  <testcase classname="com.cdphp.testcases.HomePageTest" name="clickonContactLinkTest" time="1.05"/>
  <testcase classname="com.cdphp.testcases.HomePageTest" name="clickonDealsLinkTest" time="1.12"/>
</testsuite> <!-- Default test -->
