<?xml version="1.0" encoding="UTF-8"?>
<!-- Generated by org.testng.reporters.JUnitXMLReporter -->
<testsuite ignored="0" hostname="DESKTOP-OT27CGL" failures="0" tests="7" name="Test" time="101.412" errors="0" timestamp="2019-09-03T20:02:23 EST">
  <testcase classname="com.cdphp.testcases.HomePageTest" name="homePageTitleTest" time="1.044"/>
  <testcase classname="com.cdphp.testcases.HomePageTest" name="verifyUserNameLabelTest" time="2.186"/>
  <testcase classname="com.cdphp.testcases.HomePageTest" name="clickonContactLinkTest" time="2.2"/>
  <testcase classname="com.cdphp.testcases.HomePageTest" name="clickonDealsLinkTest" time="1.336"/>
  <testcase classname="com.cdphp.testcases.LoginPageTest" name="loginPageTitleTest" time="0.011"/>
  <testcase classname="com.cdphp.testcases.LoginPageTest" name="loginTest" time="3.774"/>
  <testcase classname="com.cdphp.testcases.ContactsPageTest" name="ValidateContactLabelTest" time="1.511"/>
</testsuite> <!-- Test -->
