<?xml version="1.0" encoding="UTF-8"?>
<testng-results ignored="0" total="7" passed="7" failed="0" skipped="0">
  <reporter-output>
  </reporter-output>
  <suite started-at="2019-09-03T20:00:40 EST" name="Suite" finished-at="2019-09-03T20:02:22 EST" duration-ms="101412">
    <groups>
    </groups>
    <test started-at="2019-09-03T20:00:40 EST" name="Test" finished-at="2019-09-03T20:02:22 EST" duration-ms="101412">
      <class name="com.cdphp.testcases.LoginPageTest">
        <test-method is-config="true" signature="setUp()[pri:0, instance:com.cdphp.testcases.LoginPageTest@3571b748]" started-at="2019-09-03T20:01:48 EST" name="setUp" finished-at="2019-09-03T20:01:55 EST" duration-ms="6306" status="PASS">
          <reporter-output>
          </reporter-output>
        </test-method> <!-- setUp -->
        <test-method signature="loginPageTitleTest()[pri:1, instance:com.cdphp.testcases.LoginPageTest@3571b748]" started-at="2019-09-03T20:01:55 EST" name="loginPageTitleTest" finished-at="2019-09-03T20:01:55 EST" duration-ms="11" status="PASS">
          <reporter-output>
          </reporter-output>
        </test-method> <!-- loginPageTitleTest -->
        <test-method is-config="true" signature="tearDown()[pri:0, instance:com.cdphp.testcases.LoginPageTest@3571b748]" started-at="2019-09-03T20:01:55 EST" name="tearDown" finished-at="2019-09-03T20:01:55 EST" duration-ms="801" status="PASS">
          <reporter-output>
          </reporter-output>
        </test-method> <!-- tearDown -->
        <test-method is-config="true" signature="setUp()[pri:0, instance:com.cdphp.testcases.LoginPageTest@3571b748]" started-at="2019-09-03T20:01:55 EST" name="setUp" finished-at="2019-09-03T20:02:03 EST" duration-ms="7240" status="PASS">
          <reporter-output>
          </reporter-output>
        </test-method> <!-- setUp -->
        <test-method signature="loginTest()[pri:2, instance:com.cdphp.testcases.LoginPageTest@3571b748]" started-at="2019-09-03T20:02:03 EST" name="loginTest" finished-at="2019-09-03T20:02:06 EST" duration-ms="3774" status="PASS">
          <reporter-output>
          </reporter-output>
        </test-method> <!-- loginTest -->
        <test-method is-config="true" signature="tearDown()[pri:0, instance:com.cdphp.testcases.LoginPageTest@3571b748]" started-at="2019-09-03T20:02:06 EST" name="tearDown" finished-at="2019-09-03T20:02:07 EST" duration-ms="758" status="PASS">
          <reporter-output>
          </reporter-output>
        </test-method> <!-- tearDown -->
      </class> <!-- com.cdphp.testcases.LoginPageTest -->
      <class name="com.cdphp.testcases.ContactsPageTest">
        <test-method is-config="true" signature="setUp()[pri:0, instance:com.cdphp.testcases.ContactsPageTest@3e96bacf]" started-at="2019-09-03T20:02:07 EST" name="setUp" finished-at="2019-09-03T20:02:19 EST" duration-ms="12310" status="PASS">
          <reporter-output>
          </reporter-output>
        </test-method> <!-- setUp -->
        <test-method signature="ValidateContactLabelTest()[pri:1, instance:com.cdphp.testcases.ContactsPageTest@3e96bacf]" started-at="2019-09-03T20:02:19 EST" name="ValidateContactLabelTest" finished-at="2019-09-03T20:02:21 EST" duration-ms="1511" status="PASS">
          <reporter-output>
          </reporter-output>
        </test-method> <!-- ValidateContactLabelTest -->
        <test-method is-config="true" signature="tearDown()[pri:0, instance:com.cdphp.testcases.ContactsPageTest@3e96bacf]" started-at="2019-09-03T20:02:21 EST" name="tearDown" finished-at="2019-09-03T20:02:22 EST" duration-ms="944" status="PASS">
          <reporter-output>
          </reporter-output>
        </test-method> <!-- tearDown -->
      </class> <!-- com.cdphp.testcases.ContactsPageTest -->
      <class name="com.cdphp.testcases.HomePageTest">
        <test-method is-config="true" signature="setUp()[pri:0, instance:com.cdphp.testcases.HomePageTest@fd07cbb]" started-at="2019-09-03T20:00:41 EST" name="setUp" finished-at="2019-09-03T20:01:00 EST" duration-ms="19866" status="PASS">
          <reporter-output>
          </reporter-output>
        </test-method> <!-- setUp -->
        <test-method signature="homePageTitleTest()[pri:1, instance:com.cdphp.testcases.HomePageTest@fd07cbb]" started-at="2019-09-03T20:01:00 EST" name="homePageTitleTest" finished-at="2019-09-03T20:01:01 EST" duration-ms="1044" status="PASS">
          <reporter-output>
          </reporter-output>
        </test-method> <!-- homePageTitleTest -->
        <test-method is-config="true" signature="tearDown()[pri:0, instance:com.cdphp.testcases.HomePageTest@fd07cbb]" started-at="2019-09-03T20:01:01 EST" name="tearDown" finished-at="2019-09-03T20:01:03 EST" duration-ms="1508" status="PASS">
          <reporter-output>
          </reporter-output>
        </test-method> <!-- tearDown -->
        <test-method is-config="true" signature="setUp()[pri:0, instance:com.cdphp.testcases.HomePageTest@fd07cbb]" started-at="2019-09-03T20:01:03 EST" name="setUp" finished-at="2019-09-03T20:01:15 EST" duration-ms="12110" status="PASS">
          <reporter-output>
          </reporter-output>
        </test-method> <!-- setUp -->
        <test-method signature="verifyUserNameLabelTest()[pri:2, instance:com.cdphp.testcases.HomePageTest@fd07cbb]" started-at="2019-09-03T20:01:15 EST" name="verifyUserNameLabelTest" finished-at="2019-09-03T20:01:17 EST" duration-ms="2186" status="PASS">
          <reporter-output>
          </reporter-output>
        </test-method> <!-- verifyUserNameLabelTest -->
        <test-method is-config="true" signature="tearDown()[pri:0, instance:com.cdphp.testcases.HomePageTest@fd07cbb]" started-at="2019-09-03T20:01:17 EST" name="tearDown" finished-at="2019-09-03T20:01:18 EST" duration-ms="976" status="PASS">
          <reporter-output>
          </reporter-output>
        </test-method> <!-- tearDown -->
        <test-method is-config="true" signature="setUp()[pri:0, instance:com.cdphp.testcases.HomePageTest@fd07cbb]" started-at="2019-09-03T20:01:18 EST" name="setUp" finished-at="2019-09-03T20:01:33 EST" duration-ms="14418" status="PASS">
          <reporter-output>
          </reporter-output>
        </test-method> <!-- setUp -->
        <test-method signature="clickonContactLinkTest()[pri:3, instance:com.cdphp.testcases.HomePageTest@fd07cbb]" started-at="2019-09-03T20:01:33 EST" name="clickonContactLinkTest" finished-at="2019-09-03T20:01:35 EST" duration-ms="2200" status="PASS">
          <reporter-output>
          </reporter-output>
        </test-method> <!-- clickonContactLinkTest -->
        <test-method is-config="true" signature="tearDown()[pri:0, instance:com.cdphp.testcases.HomePageTest@fd07cbb]" started-at="2019-09-03T20:01:35 EST" name="tearDown" finished-at="2019-09-03T20:01:36 EST" duration-ms="918" status="PASS">
          <reporter-output>
          </reporter-output>
        </test-method> <!-- tearDown -->
        <test-method is-config="true" signature="setUp()[pri:0, instance:com.cdphp.testcases.HomePageTest@fd07cbb]" started-at="2019-09-03T20:01:36 EST" name="setUp" finished-at="2019-09-03T20:01:46 EST" duration-ms="10343" status="PASS">
          <reporter-output>
          </reporter-output>
        </test-method> <!-- setUp -->
        <test-method signature="clickonDealsLinkTest()[pri:4, instance:com.cdphp.testcases.HomePageTest@fd07cbb]" started-at="2019-09-03T20:01:46 EST" name="clickonDealsLinkTest" finished-at="2019-09-03T20:01:47 EST" duration-ms="1336" status="PASS">
          <reporter-output>
          </reporter-output>
        </test-method> <!-- clickonDealsLinkTest -->
        <test-method is-config="true" signature="tearDown()[pri:0, instance:com.cdphp.testcases.HomePageTest@fd07cbb]" started-at="2019-09-03T20:01:47 EST" name="tearDown" finished-at="2019-09-03T20:01:48 EST" duration-ms="778" status="PASS">
          <reporter-output>
          </reporter-output>
        </test-method> <!-- tearDown -->
      </class> <!-- com.cdphp.testcases.HomePageTest -->
    </test> <!-- Test -->
  </suite> <!-- Suite -->
</testng-results>
